<?xml version="1.0" encoding="UTF-8"?>
<!-- Generated by org.testng.reporters.JUnitReportReporter -->
<testsuite hostname="AnilPC" failures="0" tests="2" name="tasks.Using_Ajio" time="52.002" errors="0" timestamp="2025-07-14T14:59:16 IST" skipped="0">
  <testcase classname="tasks.Using_Ajio" name="ajio" time="26.046">
    <system-out>
      <![CDATA[Ajio opened Successfull]]>
    </system-out>
  </testcase> <!-- ajio -->
  <testcase classname="tasks.Using_Ajio" name="ajio" time="25.956">
    <system-out>
      <![CDATA[Ajio opened Successfull]]>
    </system-out>
  </testcase> <!-- ajio -->
  <system-out>
    <![CDATA[Ajio opened Successfull
Ajio opened Successfull
Swiggy opened Successfull
Swiggy opened Successfull
Flipkart opened Successfull
Flipkart opened Successfull
Amazon opened Successfull
Amazon opened Successfull]]>
  </system-out>
</testsuite> <!-- tasks.Using_Ajio -->
