<?xml version="1.0" encoding="UTF-8"?>
<!-- Generated by org.testng.reporters.JUnitReportReporter -->
<testsuite hostname="AnilPC" failures="0" tests="1" name="TestNG.SampleTestNG" time="0.046" errors="0" timestamp="2025-07-10T15:42:17 IST" skipped="0">
  <testcase classname="TestNG.SampleTestNG" name="test" time="0.046"/>
</testsuite> <!-- TestNG.SampleTestNG -->
