<?xml version="1.0" encoding="UTF-8"?>
<!-- Generated by org.testng.reporters.JUnitReportReporter -->
<testsuite hostname="AnilPC" failures="0" tests="2" name="TestNG.UsingDependsonMethod" time="0.004" errors="0" timestamp="2025-07-11T15:15:39 IST" skipped="0">
  <testcase classname="TestNG.UsingDependsonMethod" name="register" time="0.002"/>
  <testcase classname="TestNG.UsingDependsonMethod" name="login" time="0.002"/>
</testsuite> <!-- TestNG.UsingDependsonMethod -->
