<?xml version="1.0" encoding="UTF-8"?>
<!-- Generated by org.testng.reporters.JUnitReportReporter -->
<testsuite hostname="AnilPC" failures="0" tests="4" name="TestNG.UsingThreadpoolsizeFlag" time="0.053" errors="0" timestamp="2025-07-11T15:17:11 IST" skipped="0">
  <testcase classname="TestNG.UsingThreadpoolsizeFlag" name="create" time="0.005"/>
  <testcase classname="TestNG.UsingThreadpoolsizeFlag" name="create" time="0.030"/>
  <testcase classname="TestNG.UsingThreadpoolsizeFlag" name="create" time="0.004"/>
  <testcase classname="TestNG.UsingThreadpoolsizeFlag" name="register" time="0.014"/>
</testsuite> <!-- TestNG.UsingThreadpoolsizeFlag -->
