<?xml version="1.0" encoding="UTF-8"?>
<!-- Generated by org.testng.reporters.JUnitReportReporter -->
<testsuite hostname="AnilPC" failures="0" tests="2" name="ConfigurationsAnnotations.UsingBaseClass" time="0.032" errors="0" timestamp="2025-07-16T15:03:15 IST" skipped="0">
  <testcase classname="ConfigurationsAnnotations.UsingBaseClass" name="demotest" time="0.026"/>
  <testcase classname="ConfigurationsAnnotations.UsingBaseClass" name="demotest1" time="0.006"/>
</testsuite> <!-- ConfigurationsAnnotations.UsingBaseClass -->
