<?xml version="1.0" encoding="UTF-8"?>
<!-- Generated by org.testng.reporters.JUnitReportReporter -->
<testsuite hostname="AnilPC" failures="0" tests="2" name="DataProviders.Using_DataProviders" time="16.311" errors="0" timestamp="2025-07-16T12:22:43 IST" skipped="0">
  <testcase classname="DataProviders.Using_DataProviders" name="Test" time="3.613"/>
  <testcase classname="DataProviders.Using_DataProviders" name="Test" time="12.698"/>
</testsuite> <!-- DataProviders.Using_DataProviders -->
