<?xml version="1.0" encoding="UTF-8"?>
<!-- Generated by org.testng.reporters.JUnitReportReporter -->
<testsuite hostname="AnilPC" failures="0" tests="1" name="Assertions.UsingHardAssert" time="8.698" errors="0" timestamp="2025-07-15T14:48:33 IST" skipped="0">
  <testcase classname="Assertions.UsingHardAssert" name="url" time="8.698"/>
</testsuite> <!-- Assertions.UsingHardAssert -->
