<?xml version="1.0" encoding="UTF-8"?>
<!-- Generated by org.testng.reporters.JUnitReportReporter -->
<testsuite hostname="AnilPC" failures="0" tests="2" name="tasks.Using_Amazon" time="17.525" errors="0" timestamp="2025-07-14T14:59:16 IST" skipped="0">
  <testcase classname="tasks.Using_Amazon" name="amazon" time="6.570">
    <system-out>
      <![CDATA[Amazon opened Successfull]]>
    </system-out>
  </testcase> <!-- amazon -->
  <testcase classname="tasks.Using_Amazon" name="amazon" time="10.955">
    <system-out>
      <![CDATA[Amazon opened Successfull]]>
    </system-out>
  </testcase> <!-- amazon -->
  <system-out>
    <![CDATA[Ajio opened Successfull
Ajio opened Successfull
Swiggy opened Successfull
Swiggy opened Successfull
Flipkart opened Successfull
Flipkart opened Successfull
Amazon opened Successfull
Amazon opened Successfull]]>
  </system-out>
</testsuite> <!-- tasks.Using_Amazon -->
