<?xml version="1.0" encoding="UTF-8"?>
<!-- Generated by org.testng.reporters.JUnitReportReporter -->
<testsuite hostname="AnilPC" failures="0" tests="2" name="tasks.Using_Flipkart" time="21.440" errors="0" timestamp="2025-07-14T14:59:16 IST" skipped="0">
  <testcase classname="tasks.Using_Flipkart" name="flipkart" time="10.878">
    <system-out>
      <![CDATA[Flipkart opened Successfull]]>
    </system-out>
  </testcase> <!-- flipkart -->
  <testcase classname="tasks.Using_Flipkart" name="flipkart" time="10.562">
    <system-out>
      <![CDATA[Flipkart opened Successfull]]>
    </system-out>
  </testcase> <!-- flipkart -->
  <system-out>
    <![CDATA[Ajio opened Successfull
Ajio opened Successfull
Swiggy opened Successfull
Swiggy opened Successfull
Flipkart opened Successfull
Flipkart opened Successfull
Amazon opened Successfull
Amazon opened Successfull]]>
  </system-out>
</testsuite> <!-- tasks.Using_Flipkart -->
