<?xml version="1.0" encoding="UTF-8"?>
<!-- Generated by org.testng.reporters.JUnitReportReporter -->
<testsuite hostname="AnilPC" failures="0" tests="2" name="TestNG.UsingPriorityFlag" time="0.020" errors="0" timestamp="2025-07-11T15:17:11 IST" skipped="0">
  <testcase classname="TestNG.UsingPriorityFlag" name="register" time="0.019"/>
  <testcase classname="TestNG.UsingPriorityFlag" name="create" time="0.001"/>
</testsuite> <!-- TestNG.UsingPriorityFlag -->
