<?xml version="1.0" encoding="UTF-8"?>
<!-- Generated by org.testng.reporters.JUnitReportReporter -->
<testsuite hostname="AnilPC" failures="0" tests="1" name="tasks.Using_TestNG" time="10.942" errors="0" timestamp="2025-07-12T10:23:36 IST" skipped="0">
  <testcase classname="tasks.Using_TestNG" name="flipkart" time="10.942">
    <system-out>
      <![CDATA[Flipkart opened Successfull]]>
    </system-out>
  </testcase> <!-- flipkart -->
  <system-out>
    <![CDATA[Flipkart opened Successfull]]>
  </system-out>
</testsuite> <!-- tasks.Using_TestNG -->
