<?xml version="1.0" encoding="UTF-8"?>
<!-- Generated by org.testng.reporters.JUnitReportReporter -->
<testsuite hostname="AnilPC" failures="0" tests="1" name="ListenersUtilization.Listeners1" time="0.012" errors="0" timestamp="2025-07-17T14:44:32 IST" skipped="0">
  <testcase classname="ListenersUtilization.Listeners1" name="demo" time="0.012"/>
</testsuite> <!-- ListenersUtilization.Listeners1 -->
