<?xml version="1.0" encoding="UTF-8"?>
<!-- Generated by org.testng.reporters.JUnitReportReporter -->
<testsuite hostname="AnilPC" failures="0" tests="4" name="TestNG.Using_InvocationClass" time="0.025" errors="0" timestamp="2025-07-11T15:17:11 IST" skipped="0">
  <testcase classname="TestNG.Using_InvocationClass" name="sql" time="0.007"/>
  <testcase classname="TestNG.Using_InvocationClass" name="java" time="0.010"/>
  <testcase classname="TestNG.Using_InvocationClass" name="java" time="0.003"/>
  <testcase classname="TestNG.Using_InvocationClass" name="java" time="0.005"/>
</testsuite> <!-- TestNG.Using_InvocationClass -->
