<?xml version="1.0" encoding="UTF-8"?>
<!-- Generated by org.testng.reporters.JUnitReportReporter -->
<testsuite hostname="AnilPC" failures="0" tests="3" name="TestNG.Using_enabled" time="0.011" errors="0" timestamp="2025-07-11T15:17:11 IST" skipped="1">
  <testcase classname="TestNG.Using_enabled" name="sql" time="0.003"/>
  <testcase classname="TestNG.Using_enabled" name="sql" time="0.008"/>
  <testcase classname="TestNG.Using_enabled" name="java">
    <skipped/>
  </testcase> <!-- java -->
</testsuite> <!-- TestNG.Using_enabled -->
