<?xml version="1.0" encoding="UTF-8"?>
<!-- Generated by org.testng.reporters.JUnitReportReporter -->
<testsuite hostname="AnilPC" failures="0" tests="2" name="tasks.Using_Swiggy" time="23.740" errors="0" timestamp="2025-07-14T14:59:16 IST" skipped="0">
  <testcase classname="tasks.Using_Swiggy" name="swiggy" time="15.699">
    <system-out>
      <![CDATA[Swiggy opened Successfull]]>
    </system-out>
  </testcase> <!-- swiggy -->
  <testcase classname="tasks.Using_Swiggy" name="swiggy" time="8.041">
    <system-out>
      <![CDATA[Swiggy opened Successfull]]>
    </system-out>
  </testcase> <!-- swiggy -->
  <system-out>
    <![CDATA[Ajio opened Successfull
Ajio opened Successfull
Swiggy opened Successfull
Swiggy opened Successfull
Flipkart opened Successfull
Flipkart opened Successfull
Amazon opened Successfull
Amazon opened Successfull]]>
  </system-out>
</testsuite> <!-- tasks.Using_Swiggy -->
